C:\Program Files\Microsoft Visual Studio\2022\Community\MSBuild\Microsoft\VC\v170\Microsoft.CppBuild.targets(534,5): warning MSB8028: The intermediate directory (x64\Debug\) contains files shared from another project (StringLibrary.vcxproj).  This can lead to incorrect clean and rebuild behavior.
  StringLibrary.cpp
C:\Users\ae894\OneDrive\سطح المكتب\programming courses\course 11\projects\StringLibrary\clsString.h(31,19): warning C4267: 'return': conversion from 'size_t' to 'short', possible loss of data
  (compiling source file 'StringLibrary.cpp')
  
C:\Users\ae894\OneDrive\سطح المكتب\programming courses\course 11\projects\StringLibrary\clsString.h(36,23): warning C4267: 'return': conversion from 'size_t' to 'short', possible loss of data
  (compiling source file 'StringLibrary.cpp')
  
C:\Users\ae894\OneDrive\سطح المكتب\programming courses\course 11\projects\StringLibrary\clsString.h(48,24): warning C4267: '=': conversion from 'size_t' to 'short', possible loss of data
  (compiling source file 'StringLibrary.cpp')
  
C:\Users\ae894\OneDrive\سطح المكتب\programming courses\course 11\projects\StringLibrary\clsString.h(183,29): warning C4267: 'return': conversion from 'size_t' to 'short', possible loss of data
  (compiling source file 'StringLibrary.cpp')
  
C:\Users\ae894\OneDrive\سطح المكتب\programming courses\course 11\projects\StringLibrary\clsString.h(313,30): warning C4267: '=': conversion from 'size_t' to 'short', possible loss of data
  (compiling source file 'StringLibrary.cpp')
  
C:\Users\ae894\OneDrive\سطح المكتب\programming courses\course 11\projects\StringLibrary\clsString.h(361,22): warning C4267: 'initializing': conversion from 'size_t' to 'short', possible loss of data
  (compiling source file 'StringLibrary.cpp')
  
C:\Users\ae894\OneDrive\سطح المكتب\programming courses\course 11\projects\StringLibrary\clsUtil.h(64,5): warning C4102: 'defualt': unreferenced label
  (compiling source file 'StringLibrary.cpp')
  
C:\Users\ae894\OneDrive\سطح المكتب\programming courses\course 11\projects\StringLibrary\clsUser.h(198,12): warning C4240: nonstandard extension used: access to 'clsUser::stLoginRegisterRecord' now defined to be 'public', previously it was defined to be 'private'
  (compiling source file 'StringLibrary.cpp')
      C:\Users\ae894\OneDrive\سطح المكتب\programming courses\course 11\projects\StringLibrary\clsUser.h(26,12):
      see declaration of 'clsUser::stLoginRegisterRecord'
  
C:\Users\ae894\OneDrive\سطح المكتب\programming courses\course 11\projects\StringLibrary\clsInputValidate.h(115,16): warning C4244: 'initializing': conversion from 'double' to 'float', possible loss of data
  (compiling source file 'StringLibrary.cpp')
  
C:\Users\ae894\OneDrive\سطح المكتب\programming courses\course 11\projects\StringLibrary\clsInputValidate.h(119,26): warning C4244: '=': conversion from 'double' to 'float', possible loss of data
  (compiling source file 'StringLibrary.cpp')
  
C:\Users\ae894\OneDrive\سطح المكتب\programming courses\course 11\projects\StringLibrary\clsBankClient.h(206,12): warning C4240: nonstandard extension used: access to 'clsBankClient::stTrnsferLogRecord' now defined to be 'public', previously it was defined to be 'private'
  (compiling source file 'StringLibrary.cpp')
      C:\Users\ae894\OneDrive\سطح المكتب\programming courses\course 11\projects\StringLibrary\clsBankClient.h(152,12):
      see declaration of 'clsBankClient::stTrnsferLogRecord'
  
C:\Users\ae894\OneDrive\سطح المكتب\programming courses\course 11\projects\StringLibrary\clsBankClient.h(28,65): warning C4244: 'argument': conversion from 'double' to 'float', possible loss of data
  (compiling source file 'StringLibrary.cpp')
  
C:\Users\ae894\OneDrive\سطح المكتب\programming courses\course 11\projects\StringLibrary\clsBankClient.h(162,39): warning C4244: '=': conversion from 'double' to 'float', possible loss of data
  (compiling source file 'StringLibrary.cpp')
  
C:\Users\ae894\OneDrive\سطح المكتب\programming courses\course 11\projects\StringLibrary\clsBankClient.h(163,48): warning C4244: '=': conversion from 'double' to 'float', possible loss of data
  (compiling source file 'StringLibrary.cpp')
  
C:\Users\ae894\OneDrive\سطح المكتب\programming courses\course 11\projects\StringLibrary\clsBankClient.h(164,49): warning C4244: '=': conversion from 'double' to 'float', possible loss of data
  (compiling source file 'StringLibrary.cpp')
  
C:\Users\ae894\OneDrive\سطح المكتب\programming courses\course 11\projects\StringLibrary\clsBankClient.h(421,28): warning C4244: '+=': conversion from 'double' to 'float', possible loss of data
  (compiling source file 'StringLibrary.cpp')
  
C:\Users\ae894\OneDrive\سطح المكتب\programming courses\course 11\projects\StringLibrary\clsBankClient.h(434,32): warning C4244: '-=': conversion from 'double' to 'float', possible loss of data
  (compiling source file 'StringLibrary.cpp')
  
C:\Users\ae894\OneDrive\سطح المكتب\programming courses\course 11\projects\StringLibrary\clsAddNewClientScreen.h(30,66): warning C4244: 'argument': conversion from 'double' to 'float', possible loss of data
  (compiling source file 'StringLibrary.cpp')
  
C:\Users\ae894\OneDrive\سطح المكتب\programming courses\course 11\projects\StringLibrary\clsUpdateClientScreen.h(47,66): warning C4244: 'argument': conversion from 'double' to 'float', possible loss of data
  (compiling source file 'StringLibrary.cpp')
  
C:\Users\ae894\OneDrive\سطح المكتب\programming courses\course 11\projects\StringLibrary\clsTotalBalancesScreen.h(57,82): warning C4244: 'argument': conversion from 'double' to 'int', possible loss of data
  (compiling source file 'StringLibrary.cpp')
  
C:\Users\ae894\OneDrive\سطح المكتب\programming courses\course 11\projects\StringLibrary\clsTransferScreen.h(42,51): warning C4244: '=': conversion from 'double' to 'float', possible loss of data
  (compiling source file 'StringLibrary.cpp')
  
C:\Users\ae894\OneDrive\سطح المكتب\programming courses\course 11\projects\StringLibrary\clsTransferScreen.h(47,53): warning C4244: '=': conversion from 'double' to 'float', possible loss of data
  (compiling source file 'StringLibrary.cpp')
  
C:\Users\ae894\OneDrive\سطح المكتب\programming courses\course 11\projects\StringLibrary\clsCurrency.h(27,17): warning C4244: 'argument': conversion from 'double' to 'float', possible loss of data
  (compiling source file 'StringLibrary.cpp')
  
C:\Users\ae894\OneDrive\سطح المكتب\programming courses\course 11\projects\StringLibrary\clsUpdateCurrencyRateScreen.h(17,52): warning C4244: '=': conversion from 'double' to 'float', possible loss of data
  (compiling source file 'StringLibrary.cpp')
  
C:\Users\ae894\OneDrive\سطح المكتب\programming courses\course 11\projects\StringLibrary\clsCurrencyCalculatorScreen.h(17,51): warning C4244: '=': conversion from 'double' to 'float', possible loss of data
  (compiling source file 'StringLibrary.cpp')
  
C:\Users\ae894\OneDrive\سطح المكتب\programming courses\course 11\projects\StringLibrary\clsBankClient.h(376,1): warning C4715: 'clsBankClient::Save': not all control paths return a value
C:\Users\ae894\OneDrive\سطح المكتب\programming courses\course 11\projects\StringLibrary\clsBankClient.h(438,1): warning C4715: 'clsBankClient::Withdraw': not all control paths return a value
C:\Users\ae894\OneDrive\سطح المكتب\programming courses\course 11\projects\StringLibrary\clsUser.h(360,1): warning C4715: 'clsUser::Save': not all control paths return a value
  StringLibrary.vcxproj -> C:\Users\ae894\OneDrive\سطح المكتب\programming courses\course 11\projects\x64\Debug\MyProject.exe
